#-----------------------------------------------------------
# Vivado v2017.2.1 (64-bit)
# SW Build 1957588 on Wed Aug  9 16:32:24 MDT 2017
# IP Build 1948039 on Wed Aug  9 18:19:28 MDT 2017
# Start of session at: Tue Oct  3 12:54:38 2017
# Process ID: 12008
# Current directory: C:/Users/maxx/Documents/Projects/fcam_2
# Command line: vivado.exe -gui_launcher_event rodinguilauncherevent8328 C:\Users\maxx\Documents\Projects\fcam_2\fcam_2.xpr
# Log file: C:/Users/maxx/Documents/Projects/fcam_2/vivado.log
# Journal file: C:/Users/maxx/Documents/Projects/fcam_2\vivado.jou
#-----------------------------------------------------------
start_gui
open_project C:/Users/maxx/Documents/Projects/fcam_2/fcam_2.xpr
Scanning sources...
Finished scanning sources
WARNING: [Project 1-509] GeneratedRun file for 'synth_1' not found
WARNING: [Project 1-509] GeneratedRun file for 'impl_1' not found
INFO: [IP_Flow 19-234] Refreshing IP repositories
INFO: [IP_Flow 19-1704] No user IP repositories specified
INFO: [IP_Flow 19-2313] Loaded Vivado IP repository 'C:/Xilinx/Vivado/2017.2/data/ip'.
open_project: Time (s): cpu = 00:00:09 ; elapsed = 00:00:07 . Memory (MB): peak = 725.699 ; gain = 52.531
